<?xml version="1.0" encoding="utf-8"?><testsuites name="pytest tests"><testsuite name="pytest" errors="0" failures="0" skipped="0" tests="14" time="20.626" timestamp="2026-05-10T05:43:22.154723+00:00" hostname="agent-env-88c051f6-4eed-4763-a363-666f276eba63"><testcase classname="backend.tests.test_resumeai" name="test_health" time="0.228" /><testcase classname="backend.tests.test_resumeai" name="test_register_and_me" time="0.558" /><testcase classname="backend.tests.test_resumeai" name="test_login_invalid" time="0.140" /><testcase classname="backend.tests.test_resumeai" name="test_admin_login_role" time="0.397" /><testcase classname="backend.tests.test_resumeai" name="test_google_stub" time="0.354" /><testcase classname="backend.tests.test_resumeai" name="test_logout" time="0.142" /><testcase classname="backend.tests.test_resumeai" name="test_resume_crud" time="1.027" /><testcase classname="backend.tests.test_resumeai" name="test_resume_unauthorized" time="0.131" /><testcase classname="backend.tests.test_resumeai" name="test_upload" time="0.251" /><testcase classname="backend.tests.test_resumeai" name="test_ai_summary" time="4.174" /><testcase classname="backend.tests.test_resumeai" name="test_ai_ats" time="11.441" /><testcase classname="backend.tests.test_resumeai" name="test_payment_intent_and_submit" time="0.251" /><testcase classname="backend.tests.test_resumeai" name="test_admin_endpoints" time="0.726" /><testcase classname="backend.tests.test_resumeai" name="test_admin_forbidden_for_user" time="0.233" /></testsuite></testsuites>